0 silly input [ 's' ]
1 silly flags { _: [ 'run' ],
1 silly flags   'reject-cycles': false,
1 silly flags   rejectCycles: false,
1 silly flags   parallel: true,
1 silly flags   script: 's',
1 silly flags   args: [] }
2 verbose rootPath /Users/dalong/mylearning/markdown-require-project
3 info version 2.11.0
4 silly existsSync /Users/dalong/mylearning/markdown-require-project/VERSION
5 silly initialize attempt
6 silly initialize success
7 silly execute attempt
8 info run in 1 package(s): npm run s
9 silly runScriptInPackageStreaming [ 's', [], 'useage' ]
10 silly getExecOpts { cwd: '/Users/dalong/mylearning/markdown-require-project/packages/useage' }
11 error execute callback with error
12 error Error: Command failed: npm run s
12 error module.js:550
12 error     throw err;
12 error     ^
12 error
12 error Error: Cannot find module 'hook'
12 error     at Function.Module._resolveFilename (module.js:548:15)
12 error     at Function.Module._load (module.js:475:25)
12 error     at Module.require (module.js:597:17)
12 error     at require (internal/module.js:11:18)
12 error     at Object.<anonymous> (/Users/dalong/mylearning/markdown-require-project/packages/useage/app.js:1:63)
12 error     at Module._compile (module.js:653:30)
12 error     at Object.Module._extensions..js (module.js:664:10)
12 error     at Module.load (module.js:566:32)
12 error     at tryModuleLoad (module.js:506:12)
12 error     at Function.Module._load (module.js:498:3)
12 error npm ERR! code ELIFECYCLE
12 error npm ERR! errno 1
12 error npm ERR! useage@1.0.0 s: `node app`
12 error npm ERR! Exit status 1
12 error npm ERR!
12 error npm ERR! Failed at the useage@1.0.0 s script.
12 error npm ERR! This is probably not a problem with npm. There is likely additional logging output above.
12 error npm WARN Local package.json exists, but node_modules missing, did you mean to install?
12 error
12 error npm ERR! A complete log of this run can be found in:
12 error npm ERR!     /Users/dalong/.npm/_logs/2018-12-20T14_21_01_891Z-debug.log
12 error
12 error
12 error > useage@1.0.0 s /Users/dalong/mylearning/markdown-require-project/packages/useage
12 error > node app
12 error
12 error
12 error     at Promise.all.then.arr (/usr/local/lib/node_modules/lerna/node_modules/execa/index.js:236:11)
12 error     at <anonymous>
